2024-10-07 09:46:41 ERROR Client:42 - Error sending data: 
java.net.ConnectException: Connection refused: getsockopt
	at java.base/sun.nio.ch.Net.pollConnect(Native Method)
	at java.base/sun.nio.ch.Net.pollConnectNow(Net.java:682)
	at java.base/sun.nio.ch.NioSocketImpl.timedFinishConnect(NioSocketImpl.java:542)
	at java.base/sun.nio.ch.NioSocketImpl.connect(NioSocketImpl.java:592)
	at java.base/java.net.SocksSocketImpl.connect(SocksSocketImpl.java:327)
	at java.base/java.net.Socket.connect(Socket.java:751)
	at nghiangong.Bai4.Client.main(Client.java:26)
2024-10-07 09:47:40 ERROR Server:45 - Error receiving data from client: 
java.net.SocketException: Connection reset
	at java.base/sun.nio.ch.NioSocketImpl.implRead(NioSocketImpl.java:318)
	at java.base/sun.nio.ch.NioSocketImpl.read(NioSocketImpl.java:346)
	at java.base/sun.nio.ch.NioSocketImpl$1.read(NioSocketImpl.java:796)
	at java.base/java.net.Socket$SocketInputStream.read(Socket.java:1099)
	at java.base/sun.nio.cs.StreamDecoder.readBytes(StreamDecoder.java:329)
	at java.base/sun.nio.cs.StreamDecoder.implRead(StreamDecoder.java:372)
	at java.base/sun.nio.cs.StreamDecoder.lockedRead(StreamDecoder.java:215)
	at java.base/sun.nio.cs.StreamDecoder.read(StreamDecoder.java:169)
	at java.base/java.io.InputStreamReader.read(InputStreamReader.java:188)
	at java.base/java.io.BufferedReader.fill(BufferedReader.java:160)
	at java.base/java.io.BufferedReader.implReadLine(BufferedReader.java:370)
	at java.base/java.io.BufferedReader.readLine(BufferedReader.java:347)
	at java.base/java.io.BufferedReader.readLine(BufferedReader.java:436)
	at nghiangong.Bai4.Server.handleClient(Server.java:41)
	at nghiangong.Bai4.Server.main(Server.java:27)
2024-10-07 09:48:37 ERROR Server:45 - Error receiving data from client: 
java.net.SocketException: Connection reset
	at java.base/sun.nio.ch.NioSocketImpl.implRead(NioSocketImpl.java:318)
	at java.base/sun.nio.ch.NioSocketImpl.read(NioSocketImpl.java:346)
	at java.base/sun.nio.ch.NioSocketImpl$1.read(NioSocketImpl.java:796)
	at java.base/java.net.Socket$SocketInputStream.read(Socket.java:1099)
	at java.base/sun.nio.cs.StreamDecoder.readBytes(StreamDecoder.java:329)
	at java.base/sun.nio.cs.StreamDecoder.implRead(StreamDecoder.java:372)
	at java.base/sun.nio.cs.StreamDecoder.lockedRead(StreamDecoder.java:215)
	at java.base/sun.nio.cs.StreamDecoder.read(StreamDecoder.java:169)
	at java.base/java.io.InputStreamReader.read(InputStreamReader.java:188)
	at java.base/java.io.BufferedReader.fill(BufferedReader.java:160)
	at java.base/java.io.BufferedReader.implReadLine(BufferedReader.java:370)
	at java.base/java.io.BufferedReader.readLine(BufferedReader.java:347)
	at java.base/java.io.BufferedReader.readLine(BufferedReader.java:436)
	at nghiangong.Bai4.Server.handleClient(Server.java:41)
	at nghiangong.Bai4.Server.main(Server.java:27)
2024-10-07 10:02:36 ERROR Server:51 - Error receiving data from client: 
java.net.SocketException: Connection reset
	at java.base/sun.nio.ch.NioSocketImpl.implRead(NioSocketImpl.java:318)
	at java.base/sun.nio.ch.NioSocketImpl.read(NioSocketImpl.java:346)
	at java.base/sun.nio.ch.NioSocketImpl$1.read(NioSocketImpl.java:796)
	at java.base/java.net.Socket$SocketInputStream.read(Socket.java:1099)
	at java.base/sun.nio.cs.StreamDecoder.readBytes(StreamDecoder.java:329)
	at java.base/sun.nio.cs.StreamDecoder.implRead(StreamDecoder.java:372)
	at java.base/sun.nio.cs.StreamDecoder.lockedRead(StreamDecoder.java:215)
	at java.base/sun.nio.cs.StreamDecoder.read(StreamDecoder.java:169)
	at java.base/java.io.InputStreamReader.read(InputStreamReader.java:188)
	at java.base/java.io.BufferedReader.fill(BufferedReader.java:160)
	at java.base/java.io.BufferedReader.implReadLine(BufferedReader.java:370)
	at java.base/java.io.BufferedReader.readLine(BufferedReader.java:347)
	at java.base/java.io.BufferedReader.readLine(BufferedReader.java:436)
	at nghiangong.Bai4.Server.handleClient(Server.java:45)
	at nghiangong.Bai4.Server.main(Server.java:30)
